0 info it worked if it ends with ok
1 verbose cli [ '/usr/local/bin/node',
1 verbose cli   '/usr/local/bin/npm',
1 verbose cli   'install',
1 verbose cli   '-g',
1 verbose cli   'bower' ]
2 info using npm@3.3.12
3 info using node@v5.5.0
4 silly loadCurrentTree Starting
5 silly install loadCurrentTree
6 silly install readGlobalPackageData
7 silly fetchPackageMetaData bower
8 silly fetchNamedPackageData bower
9 silly mapToRegistry name bower
10 silly mapToRegistry using default registry
11 silly mapToRegistry registry https://registry.npmjs.org/
12 silly mapToRegistry uri https://registry.npmjs.org/bower
13 verbose request uri https://registry.npmjs.org/bower
14 verbose request no auth needed
15 info attempt registry request try #1 at 12:58:56 PM
16 verbose request id f52de214b0fdf625
17 verbose etag "78TBJ5ZOWX08U4KSGSVD77K0A"
18 http request GET https://registry.npmjs.org/bower
19 http 304 https://registry.npmjs.org/bower
20 verbose headers { date: 'Wed, 10 Feb 2016 05:59:06 GMT',
20 verbose headers   via: '1.1 varnish',
20 verbose headers   'cache-control': 'max-age=300',
20 verbose headers   etag: '"78TBJ5ZOWX08U4KSGSVD77K0A"',
20 verbose headers   age: '285',
20 verbose headers   connection: 'close',
20 verbose headers   'x-served-by': 'cache-hkg6822-HKG',
20 verbose headers   'x-cache': 'HIT',
20 verbose headers   'x-cache-hits': '1',
20 verbose headers   'x-timer': 'S1455083946.498342,VS0,VE0',
20 verbose headers   vary: 'Accept' }
21 silly get cb [ 304,
21 silly get   { date: 'Wed, 10 Feb 2016 05:59:06 GMT',
21 silly get     via: '1.1 varnish',
21 silly get     'cache-control': 'max-age=300',
21 silly get     etag: '"78TBJ5ZOWX08U4KSGSVD77K0A"',
21 silly get     age: '285',
21 silly get     connection: 'close',
21 silly get     'x-served-by': 'cache-hkg6822-HKG',
21 silly get     'x-cache': 'HIT',
21 silly get     'x-cache-hits': '1',
21 silly get     'x-timer': 'S1455083946.498342,VS0,VE0',
21 silly get     vary: 'Accept' } ]
22 verbose etag https://registry.npmjs.org/bower from cache
23 verbose get saving bower to /Users/theaolivia/.npm/registry.npmjs.org/bower/.cache.json
24 silly install normalizeTree
25 silly loadCurrentTree Finishing
26 silly loadIdealTree Starting
27 silly install loadIdealTree
28 silly cloneCurrentTree Starting
29 silly install cloneCurrentTreeToIdealTree
30 silly cloneCurrentTree Finishing
31 silly loadShrinkwrap Starting
32 silly install loadShrinkwrap
33 silly loadShrinkwrap Finishing
34 silly loadAllDepsIntoIdealTree Starting
35 silly install loadAllDepsIntoIdealTree
36 silly resolveWithNewModule bower@1.7.7 checking installable status
37 silly cache add args [ 'bower', null ]
38 verbose cache add spec bower
39 silly cache add parsed spec Result {
39 silly cache add   raw: 'bower',
39 silly cache add   scope: null,
39 silly cache add   name: 'bower',
39 silly cache add   rawSpec: '',
39 silly cache add   spec: '*',
39 silly cache add   type: 'range' }
40 silly addNamed bower@*
41 verbose addNamed "*" is a valid semver range for bower
42 silly addNameRange { name: 'bower', range: '*', hasData: false }
43 silly mapToRegistry name bower
44 silly mapToRegistry using default registry
45 silly mapToRegistry registry https://registry.npmjs.org/
46 silly mapToRegistry uri https://registry.npmjs.org/bower
47 verbose addNameRange registry:https://registry.npmjs.org/bower not in flight; fetching
48 verbose get https://registry.npmjs.org/bower not expired, no request
49 silly addNameRange number 2 { name: 'bower', range: '*', hasData: true }
50 silly addNameRange versions [ 'bower',
50 silly addNameRange   [ '0.1.0',
50 silly addNameRange     '0.1.2',
50 silly addNameRange     '0.1.3',
50 silly addNameRange     '0.2.0',
50 silly addNameRange     '0.3.0',
50 silly addNameRange     '0.3.1',
50 silly addNameRange     '0.3.2',
50 silly addNameRange     '0.4.0',
50 silly addNameRange     '0.5.0',
50 silly addNameRange     '0.5.1',
50 silly addNameRange     '0.6.0',
50 silly addNameRange     '0.6.1',
50 silly addNameRange     '0.6.2',
50 silly addNameRange     '0.6.3',
50 silly addNameRange     '0.6.4',
50 silly addNameRange     '0.6.5',
50 silly addNameRange     '0.6.6',
50 silly addNameRange     '0.6.7',
50 silly addNameRange     '0.6.8',
50 silly addNameRange     '0.7.0',
50 silly addNameRange     '0.7.1',
50 silly addNameRange     '0.8.0',
50 silly addNameRange     '0.8.1',
50 silly addNameRange     '0.8.2',
50 silly addNameRange     '0.8.3',
50 silly addNameRange     '0.8.4',
50 silly addNameRange     '0.8.5',
50 silly addNameRange     '0.8.6',
50 silly addNameRange     '0.9.0',
50 silly addNameRange     '0.9.1',
50 silly addNameRange     '0.9.2',
50 silly addNameRange     '0.10.0',
50 silly addNameRange     '1.0.0',
50 silly addNameRange     '1.0.1',
50 silly addNameRange     '1.0.2',
50 silly addNameRange     '1.0.3',
50 silly addNameRange     '1.1.0',
50 silly addNameRange     '1.1.1',
50 silly addNameRange     '1.1.2',
50 silly addNameRange     '1.2.0',
50 silly addNameRange     '1.2.1',
50 silly addNameRange     '1.2.2',
50 silly addNameRange     '1.2.3',
50 silly addNameRange     '1.2.4',
50 silly addNameRange     '1.2.5',
50 silly addNameRange     '1.2.6',
50 silly addNameRange     '1.2.7',
50 silly addNameRange     '1.2.8',
50 silly addNameRange     '1.3.0',
50 silly addNameRange     '1.3.1',
50 silly addNameRange     '1.3.2',
50 silly addNameRange     '1.3.3',
50 silly addNameRange     '1.3.4',
50 silly addNameRange     '1.3.5',
50 silly addNameRange     '1.3.6',
50 silly addNameRange     '1.3.7',
50 silly addNameRange     '1.3.8',
50 silly addNameRange     '1.3.9',
50 silly addNameRange     '1.3.10',
50 silly addNameRange     '1.3.11',
50 silly addNameRange     '1.3.12',
50 silly addNameRange     '1.4.0',
50 silly addNameRange     '1.4.1',
50 silly addNameRange     '1.5.0',
50 silly addNameRange     '1.5.1',
50 silly addNameRange     '1.5.2',
50 silly addNameRange     '1.5.3',
50 silly addNameRange     '1.6.2',
50 silly addNameRange     '1.6.3',
50 silly addNameRange     '1.6.4',
50 silly addNameRange     '1.6.5',
50 silly addNameRange     '1.5.4',
50 silly addNameRange     '1.4.2',
50 silly addNameRange     '1.6.6',
50 silly addNameRange     '1.6.7',
50 silly addNameRange     '1.6.8',
50 silly addNameRange     '1.6.9',
50 silly addNameRange     '1.7.0',
50 silly addNameRange     '1.7.1',
50 silly addNameRange     '1.7.2',
50 silly addNameRange     '1.7.5',
50 silly addNameRange     '1.7.6',
50 silly addNameRange     '1.7.7' ] ]
51 silly addNamed bower@1.7.7
52 verbose addNamed "1.7.7" is a plain semver version for bower
53 silly cache afterAdd bower@1.7.7
54 verbose afterAdd /Users/theaolivia/.npm/bower/1.7.7/package/package.json not in flight; writing
55 verbose afterAdd /Users/theaolivia/.npm/bower/1.7.7/package/package.json written
56 silly loadAllDepsIntoIdealTree Finishing
57 silly idealTree:prePrune lib
57 silly idealTree:prePrune └── bower@1.7.7
58 silly loadIdealTree Finishing
59 silly currentTree lib
60 silly idealTree lib
60 silly idealTree └── bower@1.7.7
61 silly generateActionsToTake Starting
62 silly install generateActionsToTake
63 warn checkPermissions Missing write access to /usr/local/lib/node_modules
64 silly rollbackFailedOptional Starting
65 silly rollbackFailedOptional Finishing
66 silly runTopLevelLifecycles Starting
67 silly runTopLevelLifecycles Finishing
68 silly install printInstalled
69 verbose stack Error: EACCES: permission denied, access '/usr/local/lib/node_modules'
69 verbose stack     at Error (native)
70 verbose cwd /Users/theaolivia/GitHub/SmartATK
71 error Darwin 15.3.0
72 error argv "/usr/local/bin/node" "/usr/local/bin/npm" "install" "-g" "bower"
73 error node v5.5.0
74 error npm  v3.3.12
75 error path /usr/local/lib/node_modules
76 error code EACCES
77 error errno -13
78 error syscall access
79 error Error: EACCES: permission denied, access '/usr/local/lib/node_modules'
79 error     at Error (native)
79 error  { [Error: EACCES: permission denied, access '/usr/local/lib/node_modules']
79 error   errno: -13,
79 error   code: 'EACCES',
79 error   syscall: 'access',
79 error   path: '/usr/local/lib/node_modules' }
80 error Please try running this command again as root/Administrator.
81 verbose exit [ -13, true ]
